[2020-10-17T20:59:56.918] [DEBUG] cheese - login => username:admin,password:123456
[2020-10-17T20:59:56.919] [DEBUG] cheese - admin
[2020-10-17T20:59:57.003] [DEBUG] cheese - null
[2020-10-17T20:59:57.003] [DEBUG] cheese - null
[2020-10-17T23:32:48.680] [DEBUG] cheese - login => username:zss,password:adsafaf
[2020-10-17T23:32:48.682] [DEBUG] cheese - zss
[2020-10-17T23:32:49.556] [DEBUG] cheese - null
[2020-10-17T23:32:49.556] [DEBUG] cheese - null
[2020-10-17T23:33:39.623] [DEBUG] cheese - login => username:zssad,password:123afasfa
[2020-10-17T23:33:39.623] [DEBUG] cheese - zssad
[2020-10-17T23:33:39.999] [DEBUG] cheese - null
[2020-10-17T23:33:40.000] [DEBUG] cheese - null
[2020-10-17T23:35:00.126] [DEBUG] cheese - login => username:zss,password:123fas
[2020-10-17T23:35:00.126] [DEBUG] cheese - zss
[2020-10-17T23:35:00.158] [DEBUG] cheese - null
[2020-10-17T23:35:00.158] [DEBUG] cheese - null
[2020-10-17T23:37:34.215] [DEBUG] cheese - login => username:zssa,password:123sadfa
[2020-10-17T23:37:34.215] [DEBUG] cheese - zssa
[2020-10-17T23:37:34.263] [DEBUG] cheese - null
[2020-10-17T23:37:34.263] [DEBUG] cheese - null
[2020-10-17T23:37:41.874] [DEBUG] cheese - login => username:admin,password:123456
[2020-10-17T23:37:41.874] [DEBUG] cheese - admin
[2020-10-17T23:37:42.054] [DEBUG] cheese - null
[2020-10-17T23:37:42.055] [DEBUG] cheese - null
[2020-10-17T23:42:05.177] [DEBUG] cheese - login => username:admin,password:123456
[2020-10-17T23:42:05.177] [DEBUG] cheese - admin
[2020-10-17T23:42:05.194] [DEBUG] cheese - null
[2020-10-17T23:42:05.194] [DEBUG] cheese - null
[2020-10-17T23:42:20.461] [DEBUG] cheese - login => username:zsda,password:123adsa
[2020-10-17T23:42:20.461] [DEBUG] cheese - zsda
[2020-10-17T23:42:20.522] [DEBUG] cheese - null
[2020-10-17T23:42:20.522] [DEBUG] cheese - null
[2020-10-17T23:42:28.339] [DEBUG] cheese - login => username:admin,password:123456
[2020-10-17T23:42:28.339] [DEBUG] cheese - admin
[2020-10-17T23:42:28.352] [DEBUG] cheese - null
[2020-10-17T23:42:28.352] [DEBUG] cheese - null
[2020-10-17T23:43:59.573] [DEBUG] cheese - login => username:admin,password:123456
[2020-10-17T23:43:59.583] [DEBUG] cheese - admin
[2020-10-17T23:43:59.657] [DEBUG] cheese - null
[2020-10-17T23:43:59.657] [DEBUG] cheese - null
[2020-10-17T23:46:38.237] [DEBUG] cheese - login => username:admin,password:123456
[2020-10-17T23:46:38.237] [DEBUG] cheese - admin
[2020-10-17T23:46:38.347] [DEBUG] cheese - null
[2020-10-17T23:46:38.348] [DEBUG] cheese - null
[2020-10-17T23:46:42.190] [DEBUG] cheese - login => username:admin,password:123456
[2020-10-17T23:46:42.190] [DEBUG] cheese - admin
[2020-10-17T23:46:42.193] [DEBUG] cheese - null
[2020-10-17T23:46:42.194] [DEBUG] cheese - null
[2020-10-17T23:47:28.172] [DEBUG] cheese - login => username:admin,password:123456
[2020-10-17T23:47:28.172] [DEBUG] cheese - admin
[2020-10-17T23:47:28.175] [DEBUG] cheese - null
[2020-10-17T23:47:28.175] [DEBUG] cheese - null
[2020-10-17T23:50:56.260] [DEBUG] cheese - login => username:admin,password:123456
[2020-10-17T23:50:56.260] [DEBUG] cheese - admin
[2020-10-17T23:50:56.262] [DEBUG] cheese - null
[2020-10-17T23:50:56.262] [DEBUG] cheese - null
[2020-10-17T23:54:26.624] [DEBUG] cheese - login => username:admin,password:123456
[2020-10-17T23:54:26.624] [DEBUG] cheese - admin
[2020-10-17T23:54:27.124] [DEBUG] cheese - null
[2020-10-17T23:54:27.124] [DEBUG] cheese - null
[2020-10-18T00:04:33.457] [DEBUG] cheese - login => username:admin,password:123456
[2020-10-18T00:04:33.458] [DEBUG] cheese - admin
[2020-10-18T00:04:33.490] [DEBUG] cheese - null
[2020-10-18T00:04:33.490] [DEBUG] cheese - null
[2020-10-18T00:07:48.796] [DEBUG] cheese - login => username:admin,password:123456
[2020-10-18T00:07:48.796] [DEBUG] cheese - admin
[2020-10-18T00:07:50.297] [DEBUG] cheese - null
[2020-10-18T00:07:50.297] [DEBUG] cheese - null
[2020-10-18T00:10:22.054] [DEBUG] cheese - login => username:admin,password:123456
[2020-10-18T00:10:22.055] [DEBUG] cheese - admin
[2020-10-18T00:10:22.104] [DEBUG] cheese - null
[2020-10-18T00:10:22.104] [DEBUG] cheese - null
[2020-10-18T09:26:09.241] [DEBUG] cheese - login => username:admin,password:123456
[2020-10-18T09:26:09.242] [DEBUG] cheese - admin
[2020-10-18T09:26:09.402] [DEBUG] cheese - null
[2020-10-18T09:26:09.402] [DEBUG] cheese - null
[2020-10-18T09:26:33.085] [DEBUG] cheese - login => username:admin,password:123456
[2020-10-18T09:26:33.085] [DEBUG] cheese - admin
[2020-10-18T09:26:33.089] [DEBUG] cheese - null
[2020-10-18T09:26:33.089] [DEBUG] cheese - null
[2020-10-18T09:54:40.049] [DEBUG] cheese - login => username:admin,password:123456
[2020-10-18T09:54:40.049] [DEBUG] cheese - admin
[2020-10-18T09:54:40.071] [DEBUG] cheese - null
[2020-10-18T09:54:40.071] [DEBUG] cheese - null
[2020-10-18T10:15:57.920] [DEBUG] cheese - login => username:admin,password:123456
[2020-10-18T10:15:57.922] [DEBUG] cheese - admin
[2020-10-18T10:15:57.928] [DEBUG] cheese - null
[2020-10-18T10:15:57.928] [DEBUG] cheese - null
[2020-10-18T10:17:53.008] [DEBUG] cheese - login => username:admin,password:123456
[2020-10-18T10:17:53.008] [DEBUG] cheese - admin
[2020-10-18T10:17:53.013] [DEBUG] cheese - null
[2020-10-18T10:17:53.013] [DEBUG] cheese - null
[2020-10-18T10:18:15.379] [DEBUG] cheese - login => username:admin,password:123456
[2020-10-18T10:18:15.379] [DEBUG] cheese - admin
[2020-10-18T10:18:15.483] [DEBUG] cheese - null
[2020-10-18T10:18:15.484] [DEBUG] cheese - null
[2020-10-18T10:59:00.617] [DEBUG] cheese - login => username:admin,password:123456
[2020-10-18T10:59:00.619] [DEBUG] cheese - admin
[2020-10-18T10:59:00.708] [DEBUG] cheese - null
[2020-10-18T10:59:00.708] [DEBUG] cheese - null
[2020-10-18T11:23:56.345] [DEBUG] cheese - login => username:admin,password:123456
[2020-10-18T11:23:56.346] [DEBUG] cheese - admin
[2020-10-18T11:23:56.783] [DEBUG] cheese - null
[2020-10-18T11:23:56.783] [DEBUG] cheese - null
[2020-10-18T16:49:53.787] [DEBUG] cheese - login => username:admin,password:123456
[2020-10-18T16:49:53.790] [DEBUG] cheese - admin
[2020-10-18T16:49:54.013] [DEBUG] cheese - null
[2020-10-18T16:49:54.013] [DEBUG] cheese - null
[2020-10-18T16:56:57.895] [DEBUG] cheese - login => username:ccjjxx,password:cjx06142435
[2020-10-18T16:56:57.896] [DEBUG] cheese - ccjjxx
[2020-10-18T16:56:57.900] [DEBUG] cheese - null
[2020-10-18T16:56:57.900] [DEBUG] cheese - null
[2020-10-18T16:57:14.549] [DEBUG] cheese - login => username:ccjjxx,password:cjx06142435
[2020-10-18T16:57:14.549] [DEBUG] cheese - ccjjxx
[2020-10-18T16:57:14.555] [DEBUG] cheese - null
[2020-10-18T16:57:14.556] [DEBUG] cheese - null
[2020-10-18T16:57:14.714] [DEBUG] cheese - login => username:ccjjxx,password:cjx06142435
[2020-10-18T16:57:14.714] [DEBUG] cheese - ccjjxx
[2020-10-18T16:57:14.716] [DEBUG] cheese - null
[2020-10-18T16:57:14.716] [DEBUG] cheese - null
[2020-10-18T16:57:15.222] [DEBUG] cheese - login => username:ccjjxx,password:cjx06142435
[2020-10-18T16:57:15.222] [DEBUG] cheese - ccjjxx
[2020-10-18T16:57:15.224] [DEBUG] cheese - null
[2020-10-18T16:57:15.224] [DEBUG] cheese - null
[2020-10-18T16:57:21.551] [DEBUG] cheese - login => username:admin,password:123456
[2020-10-18T16:57:21.551] [DEBUG] cheese - admin
[2020-10-18T16:57:21.555] [DEBUG] cheese - null
[2020-10-18T16:57:21.556] [DEBUG] cheese - null
